1747964327084:help
1747964345657:version
1747964703327:help
1747964729607:help hola
1747964741037:stacktrace
1747964799398:help
1747964821086:literalura hola --name Eduardo
1747964839438:literalura hola eduardo
1747965580609:help
1747965594783:hola eduardo
1748017471918:help
1748018599323:version
1748025532030:clear
1748025533687:clc
1748025540175:help
1748025543511:clear
1748025627464:version
1748025990612:version}
1748025993443:version
1748026007683:stacktrace
1748026074732:version
1748027472304:stactrace
1748027478568:version
1748027484856:stacktrace
1748027545409:version
1748031264708:help
1748031347602:history
1748031359682:hola eduardo
1748031574594:help
1748031578696:quit
1748031896191:version
1748031903182:quit
1748032246971:QUIT
1748032250562:quit
1748202361439:menu
1748202363973:help
1748202396510:menu main
1748202821970:menu
1748202825024:help
1748202830553:menu 4
1748208002554:menu
1748208016472:help
1748208081544:version
1748208090120:history
1748208098321:script history help
1748208113295:script [history]
1748208123199:quit
1748208281367:6
1748208285909:menu 6
1748210413527:quit
1748210440022:menu 6
1748210460485:menmenu
1748210463309:menu
1748210483389:help
1748210748940:menu
1748210794082:help menu
1748210807073:menu -h
1748210911754:menu
1748210917505:help
1748212938065:menu
1748212959649:menu 1 una noche blanca
1748213276801:menu
1748213293999:menu 1 los mojados
1748213310400:menu 1 esperando la locura del mar
1748213330768:menu 1 "las 25 molestias"
1748213592463:menu 1 las locuras del emperador
1748213606768:menu 1 "las locuras de la dayana"
1748213620652:menu
1748214187360:quit
1748214970147:menu 6
1748215040226:menu
1748215049130:menu 6
1748215159680:menu
1748215828274:menu 6
1748216180744:exit
1748216193977:menu
1748217065153:exit
1748218422064:menu
1748225524490:menu 1 business
1748225613369:stacktrace
1748225829112:menu 1 business
1748225850511:stacktrace
1748226072999:menu 1 business
1748226092037:stacktrace
1748226424908:menu 1 business
1748226441690:stacktrace
1748226596506:menu 1 business
1748226622713:stacktrace
1748227694065:menu 1 business
1748227724753:stacktrace
1748228150503:menu 1 business
1748228723329:stacktrace
1748229090231:menu 1 business
1748363257064:menu
1748363261004:menu 2
1748373530186:menu
1748373545880:menu 3
1748374486515:menu
1748374494617:menu 4
1748374589153:menu 4 1920
1748374731961:menu 4
1748374798104:menu 4 1850
1748374817934:menu 4 1800
1748377840794:menu
1748377845656:help
1748377905735:menu 1 1980
1748377940463:menu 4 1980
1748378389900:menu 4 1820
1748378407628:menu 4 1850
1748378434084:menu 4 1700
1748382827829:menu 4 1900
1748383355193:menu
1748383363774:menu help
1748383371111:help menu
1748383382902:help menu 1
1748383392558:clear
1748383395839:menu
1748383465662:menu 5 en
1748383636899:quit
1748383752214:menu 5 en
1748383904092:quit
1748384002892:menu 5 en
1748384033058:menu 5 de
1748385033394:menu 1 fiction
1748385105186:menu 2
1748385121657:menu
1748385128146:menu 3
1748385132113:menu
1748385157297:menu 4 2015
1748385175161:menu 4 2050
1748385186961:menu 4 0000
1748385192521:menu 4 1500
1748385200466:menu 4 1800
1748385270096:menu 2
1748385896654:menu 1
1748385984459:quit
1748386054419:menu 4
1748386070290:menu 4 1850
1748386083682:menu 4 "1200"
1748386095474:menu 4 1600
1748386227891:menu 5
1748386232249:menu 5 es
1748386237937:menu 5 en
1748386468738:menu
1748386485999:6
1748386493159:menu 6
1748386570793:menu 1 fitnees
1748386603767:menu 1 science
1749404431734:menu
1749404627040:help
1749404656594:menu
1749404662312:menu 6 honig
1749404738649:menu 6 shakspare
1749404756145:menu 6 adams
1749404783943:menu 6 robin
1749405891039:menu 1 popular
1749406362731:menu 1 starts
1749406375425:menu 1 popular
1749406544210:menu 1 referendum
1749406601119:menu
1749406619193:menu 6 dikens
1749406629527:menu 6 moto
1749406648808:menu 1 motor
1749406792552:menu 1 popular
1749419540236:menu
1749419546882:menu 7
1749419582251:menu 1 complete
1749419758745:menu 1 the divine comedy
1749419786271:menu
1749419803199:menu 2
1749420558123:menu
1749420615464:help
1749420656496:menu 1
1749420713407:menu 2
1749422325988:menu 8
1749423869127:menu
1749425160486:menu 1
1749425173323:menu 1 don quijote
1749425769238:menu 1 popular
1749425916173:menu 1 pupular
1749425930997:menu 1 popular
1749425937853:clear
1749425941773:menu
1749425961861:help menu 2
1749426008468:menu 2 -h
1749426063412:menu 2
1749426152524:menu
1749426156979:version
1749426164507:help
1749426182267:history
1749426201843:menu
1749426225819:menu 3
1749426230315:menu
1749426340378:menu 4 1890
1749426418249:menu
1749426428769:menu 9
1749427326531:menu
1749427337602:menu 3
1749427375066:menu 2
1749427448121:menu
1749427481889:menu 7
1749427502363:menu 8
